[2026-05-01 03:04:35.422394  INFO: init@init.cpp:212] >>  
    ==================
    === MiniOB LOG ===
    ================== 
    
oringal param: 
./build/bin/observer -f etc/observer.ini 

[2026-05-01 03:04:35.438617  INFO: init@init.cpp:217] >> Output configuration 
Begin dump configuration
[]

[LOG]
LOG_CONSOLE_LEVEL=1
LOG_FILE_LEVEL=3
LOG_FILE_NAME=observer.log

Finish dump configuration 

[2026-05-01 03:04:35.462111  WARN: create_db@default_handler.cpp:93] >> Db already exists: sys
[2026-05-01 03:04:35.490830  INFO: extend@mem_pool.h:245] >> Extend one pool, this->size:128, item_num_per_pool:128, this->name:BufPool.
[2026-05-01 03:04:35.494780  INFO: extend@mem_pool.h:245] >> Extend one pool, this->size:256, item_num_per_pool:128, this->name:BufPool.
[2026-05-01 03:04:35.498654  INFO: extend@mem_pool.h:245] >> Extend one pool, this->size:384, item_num_per_pool:128, this->name:BufPool.
[2026-05-01 03:04:35.502085  INFO: extend@mem_pool.h:245] >> Extend one pool, this->size:512, item_num_per_pool:128, this->name:BufPool.
[2026-05-01 03:04:35.505853  INFO: extend@mem_pool.h:245] >> Extend one pool, this->size:640, item_num_per_pool:128, this->name:BufPool.
[2026-05-01 03:04:35.509748  INFO: extend@mem_pool.h:245] >> Extend one pool, this->size:768, item_num_per_pool:128, this->name:BufPool.
[2026-05-01 03:04:35.515060  INFO: extend@mem_pool.h:245] >> Extend one pool, this->size:896, item_num_per_pool:128, this->name:BufPool.
[2026-05-01 03:04:35.519448  INFO: extend@mem_pool.h:245] >> Extend one pool, this->size:1024, item_num_per_pool:128, this->name:BufPool.
[2026-05-01 03:04:35.522890  INFO: extend@mem_pool.h:245] >> Extend one pool, this->size:1152, item_num_per_pool:128, this->name:BufPool.
[2026-05-01 03:04:35.526577  INFO: extend@mem_pool.h:245] >> Extend one pool, this->size:1280, item_num_per_pool:128, this->name:BufPool.
[2026-05-01 03:04:35.529980  INFO: extend@mem_pool.h:245] >> Extend one pool, this->size:1408, item_num_per_pool:128, this->name:BufPool.
[2026-05-01 03:04:35.533524  INFO: extend@mem_pool.h:245] >> Extend one pool, this->size:1536, item_num_per_pool:128, this->name:BufPool.
[2026-05-01 03:04:35.537077  INFO: extend@mem_pool.h:245] >> Extend one pool, this->size:1664, item_num_per_pool:128, this->name:BufPool.
[2026-05-01 03:04:35.540635  INFO: extend@mem_pool.h:245] >> Extend one pool, this->size:1792, item_num_per_pool:128, this->name:BufPool.
[2026-05-01 03:04:35.543966  INFO: extend@mem_pool.h:245] >> Extend one pool, this->size:1920, item_num_per_pool:128, this->name:BufPool.
[2026-05-01 03:04:35.547377  INFO: extend@mem_pool.h:245] >> Extend one pool, this->size:2048, item_num_per_pool:128, this->name:BufPool.
[2026-05-01 03:04:35.550530  INFO: extend@mem_pool.h:245] >> Extend one pool, this->size:2176, item_num_per_pool:128, this->name:BufPool.
[2026-05-01 03:04:35.553692  INFO: extend@mem_pool.h:245] >> Extend one pool, this->size:2304, item_num_per_pool:128, this->name:BufPool.
[2026-05-01 03:04:35.556988  INFO: extend@mem_pool.h:245] >> Extend one pool, this->size:2432, item_num_per_pool:128, this->name:BufPool.
[2026-05-01 03:04:35.560133  INFO: extend@mem_pool.h:245] >> Extend one pool, this->size:2560, item_num_per_pool:128, this->name:BufPool.
[2026-05-01 03:04:35.562817  INFO: init@mem_pool.h:192] >> Extend one pool, this->size:2560, item_num_per_pool:128, this->name:BufPool.
[2026-05-01 03:04:35.565040  INFO: BufferPoolManager@disk_buffer_pool.cpp:771] >> buffer pool manager init with memory size 20971520, page num: 2560, pool num: 20
[2026-05-01 03:04:35.574768  INFO: load_pages@double_write_buffer.cpp:284] >> double write buffer load pages done. page num=0
[2026-05-01 03:04:35.580093  INFO: init_meta@db.cpp:327] >> Db meta file not exist. db=sys, file=miniob/db/sys/sys.db
[2026-05-01 03:04:35.587467  INFO: open_all_tables@db.cpp:237] >> All table have been opened. num=0
[2026-05-01 03:04:35.639600  INFO: recover@db.cpp:318] >> Successfully recover db. db=sys checkpoint_lsn=0
[2026-05-01 03:04:35.642822  INFO: init@default_handler.cpp:69] >> Default handler init with miniob success
[2026-05-01 03:04:35.645703  INFO: init@init.cpp:232] >> Successfully init utility
[2026-05-01 03:04:35.649797  INFO: start_tcp_server@server.cpp:195] >> Listen on port 6789
[2026-05-01 03:04:35.653503  INFO: start_tcp_server@server.cpp:198] >> Observer start success
[2026-05-01 03:04:37.486208  INFO: accept@server.cpp:130] >> Accepted connection from 127.0.0.1:25751

[2026-05-01 03:04:37.490143  INFO: operator()@one_thread_per_connection_thread_handler.cpp:69] >> worker thread start. communicator = 0x593f0288ea00
